Release 14.7 - xst P.20131013 (nt)
Copyright (c) 1995-2013 Xilinx, Inc.  All rights reserved.
--> Parameter TMPDIR set to xst/projnav.tmp


Total REAL time to Xst completion: 0.00 secs
Total CPU time to Xst completion: 0.09 secs
 
--> Parameter xsthdpdir set to xst


Total REAL time to Xst completion: 0.00 secs
Total CPU time to Xst completion: 0.09 secs
 
--> Reading design: frequency_divider.prj

TABLE OF CONTENTS
  1) Synthesis Options Summary
  2) HDL Compilation
  3) Design Hierarchy Analysis
  4) HDL Analysis
  5) HDL Synthesis
     5.1) HDL Synthesis Report
  6) Advanced HDL Synthesis
     6.1) Advanced HDL Synthesis Report
  7) Low Level Synthesis
  8) Partition Report
  9) Final Report
	9.1) Device utilization summary
	9.2) Partition Resource Summary
	9.3) TIMING REPORT


=========================================================================
*                      Synthesis Options Summary                        *
=========================================================================
---- Source Parameters
Input File Name                    : "frequency_divider.prj"
Input Format                       : mixed
Ignore Synthesis Constraint File   : NO

---- Target Parameters
Output File Name                   : "frequency_divider"
Output Format                      : NGC
Target Device                      : xc3s1200e-4-fg320

---- Source Options
Top Module Name                    : frequency_divider
Automatic FSM Extraction           : YES
FSM Encoding Algorithm             : Auto
Safe Implementation                : No
FSM Style                          : LUT
RAM Extraction                     : Yes
RAM Style                          : Auto
ROM Extraction                     : Yes
Mux Style                          : Auto
Decoder Extraction                 : YES
Priority Encoder Extraction        : Yes
Shift Register Extraction          : YES
Logical Shifter Extraction         : YES
XOR Collapsing                     : YES
ROM Style                          : Auto
Mux Extraction                     : Yes
Resource Sharing                   : YES
Asynchronous To Synchronous        : NO
Multiplier Style                   : Auto
Automatic Register Balancing       : No

---- Target Options
Add IO Buffers                     : YES
Global Maximum Fanout              : 100000
Add Generic Clock Buffer(BUFG)     : 24
Register Duplication               : YES
Slice Packing                      : YES
Optimize Instantiated Primitives   : NO
Use Clock Enable                   : Yes
Use Synchronous Set                : Yes
Use Synchronous Reset              : Yes
Pack IO Registers into IOBs        : Auto
Equivalent register Removal        : YES

---- General Options
Optimization Goal                  : Speed
Optimization Effort                : 1
Keep Hierarchy                     : No
Netlist Hierarchy                  : As_Optimized
RTL Output                         : Yes
Global Optimization                : AllClockNets
Read Cores                         : YES
Write Timing Constraints           : NO
Cross Clock Analysis               : NO
Hierarchy Separator                : /
Bus Delimiter                      : <>
Case Specifier                     : Maintain
Slice Utilization Ratio            : 100
BRAM Utilization Ratio             : 100
Verilog 2001                       : YES
Auto BRAM Packing                  : NO
Slice Utilization Ratio Delta      : 5

=========================================================================


=========================================================================
*                          HDL Compilation                              *
=========================================================================
Compiling vhdl file "D:/semester-4/HWSWCD/vhdl_codes/frequency_divider/frequency_divider.vhd" in Library work.
Entity <frequency_divider> compiled.
Entity <frequency_divider> (Architecture <behavioral>) compiled.

=========================================================================
*                     Design Hierarchy Analysis                         *
=========================================================================
Analyzing hierarchy for entity <frequency_divider> in library <work> (architecture <behavioral>) with generics.
	M = 50000000


=========================================================================
*                            HDL Analysis                               *
=========================================================================
Analyzing generic Entity <frequency_divider> in library <work> (Architecture <behavioral>).
	M = 50000000
INFO:Xst:1739 - HDL ADVISOR - "D:/semester-4/HWSWCD/vhdl_codes/frequency_divider/frequency_divider.vhd" line 36: declaration of a buffer port will make it difficult for you to validate this design by simulation. It is preferable to declare it as output.
Entity <frequency_divider> analyzed. Unit <frequency_divider> generated.


=========================================================================
*                           HDL Synthesis                               *
=========================================================================

Performing bidirectional port resolution...

Synthesizing Unit <frequency_divider>.
    Related source file is "D:/semester-4/HWSWCD/vhdl_codes/frequency_divider/frequency_divider.vhd".
    Found 1-bit register for signal <clk_out>.
    Found 25-bit up counter for signal <count>.
    Found 25-bit adder for signal <count$addsub0000> created at line 49.
    Summary:
	inferred   1 Counter(s).
	inferred   1 D-type flip-flop(s).
	inferred   1 Adder/Subtractor(s).
Unit <frequency_divider> synthesized.


=========================================================================
HDL Synthesis Report

Macro Statistics
# Adders/Subtractors                                   : 1
 25-bit adder                                          : 1
# Counters                                             : 1
 25-bit up counter                                     : 1
# Registers                                            : 1
 1-bit register                                        : 1

=========================================================================

=========================================================================
*                       Advanced HDL Synthesis                          *
=========================================================================


=========================================================================
Advanced HDL Synthesis Report

Macro Statistics
# Adders/Subtractors                                   : 1
 25-bit adder                                          : 1
# Counters                                             : 1
 25-bit up counter                                     : 1
# Registers                                            : 1
 Flip-Flops                                            : 1

=========================================================================

=========================================================================
*                         Low Level Synthesis                           *
=========================================================================

Optimizing unit <frequency_divider> ...

Mapping all equations...
Building and optimizing final netlist ...
Found area constraint ratio of 100 (+ 5) on block frequency_divider, actual ratio is 0.

Final Macro Processing ...

=========================================================================
Final Register Report

Macro Statistics
# Registers                                            : 26
 Flip-Flops                                            : 26

=========================================================================

=========================================================================
*                           Partition Report                            *
=========================================================================

Partition Implementation Status
-------------------------------

  No Partitions were found in this design.

-------------------------------

=========================================================================
*                            Final Report                               *
=========================================================================
Final Results
RTL Top Level Output File Name     : frequency_divider.ngr
Top Level Output File Name         : frequency_divider
Output Format                      : NGC
Optimization Goal                  : Speed
Keep Hierarchy                     : No

Design Statistics
# IOs                              : 3

Cell Usage :
# BELS                             : 190
#      GND                         : 1
#      INV                         : 3
#      LUT1                        : 49
#      LUT2                        : 25
#      LUT4                        : 6
#      MUXCY                       : 55
#      VCC                         : 1
#      XORCY                       : 50
# FlipFlops/Latches                : 26
#      FDC                         : 25
#      FDCE                        : 1
# Clock Buffers                    : 1
#      BUFGP                       : 1
# IO Buffers                       : 2
#      IBUF                        : 1
#      OBUF                        : 1
=========================================================================

Device utilization summary:
---------------------------

Selected Device : 3s1200efg320-4 

 Number of Slices:                       45  out of   8672     0%  
 Number of Slice Flip Flops:             26  out of  17344     0%  
 Number of 4 input LUTs:                 83  out of  17344     0%  
 Number of IOs:                           3
 Number of bonded IOBs:                   3  out of    250     1%  
 Number of GCLKs:                         1  out of     24     4%  

---------------------------
Partition Resource Summary:
---------------------------

  No Partitions were found in this design.

---------------------------


=========================================================================
TIMING REPORT

NOTE: THESE TIMING NUMBERS ARE ONLY A SYNTHESIS ESTIMATE.
      FOR ACCURATE TIMING INFORMATION PLEASE REFER TO THE TRACE REPORT
      GENERATED AFTER PLACE-and-ROUTE.

Clock Information:
------------------
-----------------------------------+------------------------+-------+
Clock Signal                       | Clock buffer(FF name)  | Load  |
-----------------------------------+------------------------+-------+
clk_in                             | BUFGP                  | 26    |
-----------------------------------+------------------------+-------+

Asynchronous Control Signals Information:
----------------------------------------
-----------------------------------+------------------------+-------+
Control Signal                     | Buffer(FF name)        | Load  |
-----------------------------------+------------------------+-------+
rst                                | IBUF                   | 26    |
-----------------------------------+------------------------+-------+

Timing Summary:
---------------
Speed Grade: -4

   Minimum period: 8.869ns (Maximum Frequency: 112.748MHz)
   Minimum input arrival time before clock: No path found
   Maximum output required time after clock: 4.310ns
   Maximum combinational path delay: No path found

Timing Detail:
--------------
All values displayed in nanoseconds (ns)

=========================================================================
Timing constraint: Default period analysis for Clock 'clk_in'
  Clock period: 8.869ns (frequency: 112.748MHz)
  Total number of paths / destination ports: 8776 / 27
-------------------------------------------------------------------------
Delay:               8.869ns (Levels of Logic = 28)
  Source:            count_1 (FF)
  Destination:       count_0 (FF)
  Source Clock:      clk_in rising
  Destination Clock: clk_in rising

  Data Path: count_1 to count_0
                                Gate     Net
    Cell:in->out      fanout   Delay   Delay  Logical Name (Net Name)
    ----------------------------------------  ------------
     FDC:C->Q              2   0.591   0.622  count_1 (count_1)
     LUT1:I0->O            1   0.704   0.000  Madd_count_addsub0000_cy<1>_rt (Madd_count_addsub0000_cy<1>_rt)
     MUXCY:S->O            1   0.464   0.000  Madd_count_addsub0000_cy<1> (Madd_count_addsub0000_cy<1>)
     MUXCY:CI->O           1   0.059   0.000  Madd_count_addsub0000_cy<2> (Madd_count_addsub0000_cy<2>)
     MUXCY:CI->O           1   0.059   0.000  Madd_count_addsub0000_cy<3> (Madd_count_addsub0000_cy<3>)
     MUXCY:CI->O           1   0.059   0.000  Madd_count_addsub0000_cy<4> (Madd_count_addsub0000_cy<4>)
     MUXCY:CI->O           1   0.059   0.000  Madd_count_addsub0000_cy<5> (Madd_count_addsub0000_cy<5>)
     MUXCY:CI->O           1   0.059   0.000  Madd_count_addsub0000_cy<6> (Madd_count_addsub0000_cy<6>)
     MUXCY:CI->O           1   0.059   0.000  Madd_count_addsub0000_cy<7> (Madd_count_addsub0000_cy<7>)
     MUXCY:CI->O           1   0.059   0.000  Madd_count_addsub0000_cy<8> (Madd_count_addsub0000_cy<8>)
     MUXCY:CI->O           1   0.059   0.000  Madd_count_addsub0000_cy<9> (Madd_count_addsub0000_cy<9>)
     MUXCY:CI->O           1   0.059   0.000  Madd_count_addsub0000_cy<10> (Madd_count_addsub0000_cy<10>)
     MUXCY:CI->O           1   0.059   0.000  Madd_count_addsub0000_cy<11> (Madd_count_addsub0000_cy<11>)
     MUXCY:CI->O           1   0.059   0.000  Madd_count_addsub0000_cy<12> (Madd_count_addsub0000_cy<12>)
     MUXCY:CI->O           1   0.059   0.000  Madd_count_addsub0000_cy<13> (Madd_count_addsub0000_cy<13>)
     MUXCY:CI->O           1   0.059   0.000  Madd_count_addsub0000_cy<14> (Madd_count_addsub0000_cy<14>)
     MUXCY:CI->O           1   0.059   0.000  Madd_count_addsub0000_cy<15> (Madd_count_addsub0000_cy<15>)
     MUXCY:CI->O           1   0.059   0.000  Madd_count_addsub0000_cy<16> (Madd_count_addsub0000_cy<16>)
     MUXCY:CI->O           1   0.059   0.000  Madd_count_addsub0000_cy<17> (Madd_count_addsub0000_cy<17>)
     XORCY:CI->O           1   0.804   0.595  Madd_count_addsub0000_xor<18> (count_addsub0000<18>)
     LUT1:I0->O            1   0.704   0.000  count_cmp_eq0000_wg_cy<0>_rt (count_cmp_eq0000_wg_cy<0>_rt)
     MUXCY:S->O            1   0.464   0.000  count_cmp_eq0000_wg_cy<0> (count_cmp_eq0000_wg_cy<0>)
     MUXCY:CI->O           1   0.059   0.000  count_cmp_eq0000_wg_cy<1> (count_cmp_eq0000_wg_cy<1>)
     MUXCY:CI->O           1   0.059   0.000  count_cmp_eq0000_wg_cy<2> (count_cmp_eq0000_wg_cy<2>)
     MUXCY:CI->O           1   0.059   0.000  count_cmp_eq0000_wg_cy<3> (count_cmp_eq0000_wg_cy<3>)
     MUXCY:CI->O           1   0.059   0.000  count_cmp_eq0000_wg_cy<4> (count_cmp_eq0000_wg_cy<4>)
     MUXCY:CI->O           1   0.059   0.000  count_cmp_eq0000_wg_cy<5> (count_cmp_eq0000_wg_cy<5>)
     MUXCY:CI->O          26   0.331   1.339  count_cmp_eq0000_wg_cy<6> (count_cmp_eq0000)
     LUT2:I1->O            1   0.704   0.000  Mcount_count_eqn_91 (Mcount_count_eqn_9)
     FDC:D                     0.308          count_9
    ----------------------------------------
    Total                      8.869ns (6.313ns logic, 2.556ns route)
                                       (71.2% logic, 28.8% route)

=========================================================================
Timing constraint: Default OFFSET OUT AFTER for Clock 'clk_in'
  Total number of paths / destination ports: 1 / 1
-------------------------------------------------------------------------
Offset:              4.310ns (Levels of Logic = 1)
  Source:            clk_out (FF)
  Destination:       clk_out (PAD)
  Source Clock:      clk_in rising

  Data Path: clk_out to clk_out
                                Gate     Net
    Cell:in->out      fanout   Delay   Delay  Logical Name (Net Name)
    ----------------------------------------  ------------
     FDCE:C->Q             2   0.591   0.447  clk_out (clk_out_OBUF)
     OBUF:I->O                 3.272          clk_out_OBUF (clk_out)
    ----------------------------------------
    Total                      4.310ns (3.863ns logic, 0.447ns route)
                                       (89.6% logic, 10.4% route)

=========================================================================


Total REAL time to Xst completion: 3.00 secs
Total CPU time to Xst completion: 3.45 secs
 
--> 

Total memory usage is 226444 kilobytes

Number of errors   :    0 (   0 filtered)
Number of warnings :    0 (   0 filtered)
Number of infos    :    1 (   0 filtered)

