Release 14.7 - xst P.20131013 (nt)
Copyright (c) 1995-2013 Xilinx, Inc.  All rights reserved.
--> Parameter TMPDIR set to xst/projnav.tmp


Total REAL time to Xst completion: 0.00 secs
Total CPU time to Xst completion: 0.09 secs
 
--> Parameter xsthdpdir set to xst


Total REAL time to Xst completion: 0.00 secs
Total CPU time to Xst completion: 0.09 secs
 
--> Reading design: COUNT_8B.prj

TABLE OF CONTENTS
  1) Synthesis Options Summary
  2) HDL Compilation
  3) Design Hierarchy Analysis
  4) HDL Analysis
  5) HDL Synthesis
     5.1) HDL Synthesis Report
  6) Advanced HDL Synthesis
     6.1) Advanced HDL Synthesis Report
  7) Low Level Synthesis
  8) Partition Report
  9) Final Report
	9.1) Device utilization summary
	9.2) Partition Resource Summary
	9.3) TIMING REPORT


=========================================================================
*                      Synthesis Options Summary                        *
=========================================================================
---- Source Parameters
Input File Name                    : "COUNT_8B.prj"
Input Format                       : mixed
Ignore Synthesis Constraint File   : NO

---- Target Parameters
Output File Name                   : "COUNT_8B"
Output Format                      : NGC
Target Device                      : xc3s1200e-4-fg320

---- Source Options
Top Module Name                    : COUNT_8B
Automatic FSM Extraction           : YES
FSM Encoding Algorithm             : Auto
Safe Implementation                : No
FSM Style                          : LUT
RAM Extraction                     : Yes
RAM Style                          : Auto
ROM Extraction                     : Yes
Mux Style                          : Auto
Decoder Extraction                 : YES
Priority Encoder Extraction        : Yes
Shift Register Extraction          : YES
Logical Shifter Extraction         : YES
XOR Collapsing                     : YES
ROM Style                          : Auto
Mux Extraction                     : Yes
Resource Sharing                   : YES
Asynchronous To Synchronous        : NO
Multiplier Style                   : Auto
Automatic Register Balancing       : No

---- Target Options
Add IO Buffers                     : YES
Global Maximum Fanout              : 100000
Add Generic Clock Buffer(BUFG)     : 24
Register Duplication               : YES
Slice Packing                      : YES
Optimize Instantiated Primitives   : NO
Use Clock Enable                   : Yes
Use Synchronous Set                : Yes
Use Synchronous Reset              : Yes
Pack IO Registers into IOBs        : Auto
Equivalent register Removal        : YES

---- General Options
Optimization Goal                  : Speed
Optimization Effort                : 1
Keep Hierarchy                     : No
Netlist Hierarchy                  : As_Optimized
RTL Output                         : Yes
Global Optimization                : AllClockNets
Read Cores                         : YES
Write Timing Constraints           : NO
Cross Clock Analysis               : NO
Hierarchy Separator                : /
Bus Delimiter                      : <>
Case Specifier                     : Maintain
Slice Utilization Ratio            : 100
BRAM Utilization Ratio             : 100
Verilog 2001                       : YES
Auto BRAM Packing                  : NO
Slice Utilization Ratio Delta      : 5

=========================================================================


=========================================================================
*                          HDL Compilation                              *
=========================================================================
Compiling vhdl file "D:/semester-4/HWSWCD/vhdl_codes/counter_8B/COUNT_8B.vhd" in Library work.
Entity <count_8b> compiled.
Entity <count_8b> (Architecture <behavioral>) compiled.

=========================================================================
*                     Design Hierarchy Analysis                         *
=========================================================================
Analyzing hierarchy for entity <COUNT_8B> in library <work> (architecture <behavioral>) with generics.
	M = 50000000


=========================================================================
*                            HDL Analysis                               *
=========================================================================
Analyzing generic Entity <COUNT_8B> in library <work> (Architecture <behavioral>).
	M = 50000000
Entity <COUNT_8B> analyzed. Unit <COUNT_8B> generated.


=========================================================================
*                           HDL Synthesis                               *
=========================================================================

Performing bidirectional port resolution...

Synthesizing Unit <COUNT_8B>.
    Related source file is "D:/semester-4/HWSWCD/vhdl_codes/counter_8B/COUNT_8B.vhd".
    Found 25-bit up counter for signal <count_dvd>.
    Found 25-bit adder for signal <count_dvd$add0000> created at line 55.
    Found 8-bit updown counter for signal <t_cnt>.
    Summary:
	inferred   2 Counter(s).
	inferred   1 Adder/Subtractor(s).
Unit <COUNT_8B> synthesized.


=========================================================================
HDL Synthesis Report

Macro Statistics
# Adders/Subtractors                                   : 1
 25-bit adder                                          : 1
# Counters                                             : 2
 25-bit up counter                                     : 1
 8-bit updown counter                                  : 1

=========================================================================

=========================================================================
*                       Advanced HDL Synthesis                          *
=========================================================================


=========================================================================
Advanced HDL Synthesis Report

Macro Statistics
# Adders/Subtractors                                   : 1
 25-bit adder                                          : 1
# Counters                                             : 2
 25-bit up counter                                     : 1
 8-bit updown counter                                  : 1

=========================================================================

=========================================================================
*                         Low Level Synthesis                           *
=========================================================================

Optimizing unit <COUNT_8B> ...

Mapping all equations...
Building and optimizing final netlist ...
Found area constraint ratio of 100 (+ 5) on block COUNT_8B, actual ratio is 0.

Final Macro Processing ...

=========================================================================
Final Register Report

Macro Statistics
# Registers                                            : 33
 Flip-Flops                                            : 33

=========================================================================

=========================================================================
*                           Partition Report                            *
=========================================================================

Partition Implementation Status
-------------------------------

  No Partitions were found in this design.

-------------------------------

=========================================================================
*                            Final Report                               *
=========================================================================
Final Results
RTL Top Level Output File Name     : COUNT_8B.ngr
Top Level Output File Name         : COUNT_8B
Output Format                      : NGC
Optimization Goal                  : Speed
Keep Hierarchy                     : No

Design Statistics
# IOs                              : 20

Cell Usage :
# BELS                             : 222
#      GND                         : 1
#      INV                         : 3
#      LUT1                        : 49
#      LUT2                        : 27
#      LUT4                        : 14
#      MULT_AND                    : 7
#      MUXCY                       : 62
#      VCC                         : 1
#      XORCY                       : 58
# FlipFlops/Latches                : 33
#      FDCE                        : 33
# Clock Buffers                    : 1
#      BUFGP                       : 1
# IO Buffers                       : 19
#      IBUF                        : 11
#      OBUF                        : 8
=========================================================================

Device utilization summary:
---------------------------

Selected Device : 3s1200efg320-4 

 Number of Slices:                       50  out of   8672     0%  
 Number of Slice Flip Flops:             33  out of  17344     0%  
 Number of 4 input LUTs:                 93  out of  17344     0%  
 Number of IOs:                          20
 Number of bonded IOBs:                  20  out of    250     8%  
 Number of GCLKs:                         1  out of     24     4%  

---------------------------
Partition Resource Summary:
---------------------------

  No Partitions were found in this design.

---------------------------


=========================================================================
TIMING REPORT

NOTE: THESE TIMING NUMBERS ARE ONLY A SYNTHESIS ESTIMATE.
      FOR ACCURATE TIMING INFORMATION PLEASE REFER TO THE TRACE REPORT
      GENERATED AFTER PLACE-and-ROUTE.

Clock Information:
------------------
-----------------------------------+------------------------+-------+
Clock Signal                       | Clock buffer(FF name)  | Load  |
-----------------------------------+------------------------+-------+
CLK                                | BUFGP                  | 33    |
-----------------------------------+------------------------+-------+

Asynchronous Control Signals Information:
----------------------------------------
-----------------------------------+------------------------+-------+
Control Signal                     | Buffer(FF name)        | Load  |
-----------------------------------+------------------------+-------+
RESET                              | IBUF                   | 33    |
-----------------------------------+------------------------+-------+

Timing Summary:
---------------
Speed Grade: -4

   Minimum period: 10.001ns (Maximum Frequency: 99.987MHz)
   Minimum input arrival time before clock: 6.811ns
   Maximum output required time after clock: 4.310ns
   Maximum combinational path delay: No path found

Timing Detail:
--------------
All values displayed in nanoseconds (ns)

=========================================================================
Timing constraint: Default period analysis for Clock 'CLK'
  Clock period: 10.001ns (frequency: 99.987MHz)
  Total number of paths / destination ports: 11114 / 41
-------------------------------------------------------------------------
Delay:               10.001ns (Levels of Logic = 28)
  Source:            count_dvd_1 (FF)
  Destination:       t_cnt_0 (FF)
  Source Clock:      CLK rising
  Destination Clock: CLK rising

  Data Path: count_dvd_1 to t_cnt_0
                                Gate     Net
    Cell:in->out      fanout   Delay   Delay  Logical Name (Net Name)
    ----------------------------------------  ------------
     FDCE:C->Q             2   0.591   0.622  count_dvd_1 (count_dvd_1)
     LUT1:I0->O            1   0.704   0.000  Madd_count_dvd_add0000_cy<1>_rt (Madd_count_dvd_add0000_cy<1>_rt)
     MUXCY:S->O            1   0.464   0.000  Madd_count_dvd_add0000_cy<1> (Madd_count_dvd_add0000_cy<1>)
     MUXCY:CI->O           1   0.059   0.000  Madd_count_dvd_add0000_cy<2> (Madd_count_dvd_add0000_cy<2>)
     MUXCY:CI->O           1   0.059   0.000  Madd_count_dvd_add0000_cy<3> (Madd_count_dvd_add0000_cy<3>)
     MUXCY:CI->O           1   0.059   0.000  Madd_count_dvd_add0000_cy<4> (Madd_count_dvd_add0000_cy<4>)
     MUXCY:CI->O           1   0.059   0.000  Madd_count_dvd_add0000_cy<5> (Madd_count_dvd_add0000_cy<5>)
     MUXCY:CI->O           1   0.059   0.000  Madd_count_dvd_add0000_cy<6> (Madd_count_dvd_add0000_cy<6>)
     MUXCY:CI->O           1   0.059   0.000  Madd_count_dvd_add0000_cy<7> (Madd_count_dvd_add0000_cy<7>)
     MUXCY:CI->O           1   0.059   0.000  Madd_count_dvd_add0000_cy<8> (Madd_count_dvd_add0000_cy<8>)
     MUXCY:CI->O           1   0.059   0.000  Madd_count_dvd_add0000_cy<9> (Madd_count_dvd_add0000_cy<9>)
     MUXCY:CI->O           1   0.059   0.000  Madd_count_dvd_add0000_cy<10> (Madd_count_dvd_add0000_cy<10>)
     MUXCY:CI->O           1   0.059   0.000  Madd_count_dvd_add0000_cy<11> (Madd_count_dvd_add0000_cy<11>)
     MUXCY:CI->O           1   0.059   0.000  Madd_count_dvd_add0000_cy<12> (Madd_count_dvd_add0000_cy<12>)
     MUXCY:CI->O           1   0.059   0.000  Madd_count_dvd_add0000_cy<13> (Madd_count_dvd_add0000_cy<13>)
     MUXCY:CI->O           1   0.059   0.000  Madd_count_dvd_add0000_cy<14> (Madd_count_dvd_add0000_cy<14>)
     MUXCY:CI->O           1   0.059   0.000  Madd_count_dvd_add0000_cy<15> (Madd_count_dvd_add0000_cy<15>)
     MUXCY:CI->O           1   0.059   0.000  Madd_count_dvd_add0000_cy<16> (Madd_count_dvd_add0000_cy<16>)
     MUXCY:CI->O           1   0.059   0.000  Madd_count_dvd_add0000_cy<17> (Madd_count_dvd_add0000_cy<17>)
     XORCY:CI->O           1   0.804   0.595  Madd_count_dvd_add0000_xor<18> (count_dvd_add0000<18>)
     LUT1:I0->O            1   0.704   0.000  count_dvd_cmp_eq0000_wg_cy<0>_rt (count_dvd_cmp_eq0000_wg_cy<0>_rt)
     MUXCY:S->O            1   0.464   0.000  count_dvd_cmp_eq0000_wg_cy<0> (count_dvd_cmp_eq0000_wg_cy<0>)
     MUXCY:CI->O           1   0.059   0.000  count_dvd_cmp_eq0000_wg_cy<1> (count_dvd_cmp_eq0000_wg_cy<1>)
     MUXCY:CI->O           1   0.059   0.000  count_dvd_cmp_eq0000_wg_cy<2> (count_dvd_cmp_eq0000_wg_cy<2>)
     MUXCY:CI->O           1   0.059   0.000  count_dvd_cmp_eq0000_wg_cy<3> (count_dvd_cmp_eq0000_wg_cy<3>)
     MUXCY:CI->O           1   0.059   0.000  count_dvd_cmp_eq0000_wg_cy<4> (count_dvd_cmp_eq0000_wg_cy<4>)
     MUXCY:CI->O           1   0.059   0.000  count_dvd_cmp_eq0000_wg_cy<5> (count_dvd_cmp_eq0000_wg_cy<5>)
     MUXCY:CI->O          26   0.459   1.339  count_dvd_cmp_eq0000_wg_cy<6> (count_dvd_cmp_eq0000)
     LUT2:I1->O            8   0.704   0.757  t_cnt_not00011 (t_cnt_not0001)
     FDCE:CE                   0.555          t_cnt_0
    ----------------------------------------
    Total                     10.001ns (6.688ns logic, 3.313ns route)
                                       (66.9% logic, 33.1% route)

=========================================================================
Timing constraint: Default OFFSET IN BEFORE for Clock 'CLK'
  Total number of paths / destination ports: 185 / 41
-------------------------------------------------------------------------
Offset:              6.811ns (Levels of Logic = 11)
  Source:            LD (PAD)
  Destination:       t_cnt_7 (FF)
  Destination Clock: CLK rising

  Data Path: LD to t_cnt_7
                                Gate     Net
    Cell:in->out      fanout   Delay   Delay  Logical Name (Net Name)
    ----------------------------------------  ------------
     IBUF:I->O             3   1.218   0.531  LD_IBUF (LD_IBUF)
     INV:I->O             33   0.704   1.263  LD_inv1_INV_0 (LD_inv)
     MULT_AND:I1->LO       0   0.741   0.000  Mcount_t_cnt_mand (Mcount_t_cnt_mand)
     MUXCY:DI->O           1   0.888   0.000  Mcount_t_cnt_cy<0> (Mcount_t_cnt_cy<0>)
     MUXCY:CI->O           1   0.059   0.000  Mcount_t_cnt_cy<1> (Mcount_t_cnt_cy<1>)
     MUXCY:CI->O           1   0.059   0.000  Mcount_t_cnt_cy<2> (Mcount_t_cnt_cy<2>)
     MUXCY:CI->O           1   0.059   0.000  Mcount_t_cnt_cy<3> (Mcount_t_cnt_cy<3>)
     MUXCY:CI->O           1   0.059   0.000  Mcount_t_cnt_cy<4> (Mcount_t_cnt_cy<4>)
     MUXCY:CI->O           1   0.059   0.000  Mcount_t_cnt_cy<5> (Mcount_t_cnt_cy<5>)
     MUXCY:CI->O           0   0.059   0.000  Mcount_t_cnt_cy<6> (Mcount_t_cnt_cy<6>)
     XORCY:CI->O           1   0.804   0.000  Mcount_t_cnt_xor<7> (Mcount_t_cnt8)
     FDCE:D                    0.308          t_cnt_7
    ----------------------------------------
    Total                      6.811ns (5.017ns logic, 1.794ns route)
                                       (73.7% logic, 26.3% route)

=========================================================================
Timing constraint: Default OFFSET OUT AFTER for Clock 'CLK'
  Total number of paths / destination ports: 8 / 8
-------------------------------------------------------------------------
Offset:              4.310ns (Levels of Logic = 1)
  Source:            t_cnt_7 (FF)
  Destination:       COUNT<7> (PAD)
  Source Clock:      CLK rising

  Data Path: t_cnt_7 to COUNT<7>
                                Gate     Net
    Cell:in->out      fanout   Delay   Delay  Logical Name (Net Name)
    ----------------------------------------  ------------
     FDCE:C->Q             2   0.591   0.447  t_cnt_7 (t_cnt_7)
     OBUF:I->O                 3.272          COUNT_7_OBUF (COUNT<7>)
    ----------------------------------------
    Total                      4.310ns (3.863ns logic, 0.447ns route)
                                       (89.6% logic, 10.4% route)

=========================================================================


Total REAL time to Xst completion: 3.00 secs
Total CPU time to Xst completion: 3.51 secs
 
--> 

Total memory usage is 226508 kilobytes

Number of errors   :    0 (   0 filtered)
Number of warnings :    0 (   0 filtered)
Number of infos    :    0 (   0 filtered)

